<?xml version="1.0" encoding="UTF-8"?>
<!-- Generated by org.testng.reporters.JUnitReportReporter -->
<testsuite hostname="MacBook-Pro-de-Emiliano.local" failures="0" tests="1" name="testRunner.exersiceRunner" time="55.004" errors="0" timestamp="2022-03-21T00:56:15 CST" skipped="0">
  <testcase classname="testRunner.exersiceRunner" name="runScenario" time="55.004"/>
  <system-out/>
</testsuite> <!-- testRunner.exersiceRunner -->
