<?xml version="1.0" encoding="UTF-8"?>
<!-- Generated by org.testng.reporters.JUnitReportReporter -->
<testsuite hostname="MacBook-Pro-de-Emiliano.local" failures="0" tests="1" name="testRunner.exersiceRunner" time="53.838" errors="0" timestamp="2022-03-20T23:42:53 CST" skipped="0">
  <testcase classname="testRunner.exersiceRunner" name="runScenario" time="53.838"/>
  <system-out/>
</testsuite> <!-- testRunner.exersiceRunner -->
