<?xml version="1.0" encoding="UTF-8"?>
<!-- Generated by org.testng.reporters.JUnitReportReporter -->
<testsuite hostname="MacBook-Pro-de-Emiliano.local" failures="0" tests="3" name="testRunner.exersiceRunner" time="69.681" errors="0" timestamp="2022-03-21T16:26:48 CST" skipped="0">
  <testcase classname="testRunner.exersiceRunner" name="runScenario" time="33.847"/>
  <system-out/>
  <testcase classname="testRunner.exersiceRunner" name="runScenario" time="26.713"/>
  <system-out/>
  <testcase classname="testRunner.exersiceRunner" name="runScenario" time="9.121"/>
  <system-out/>
</testsuite> <!-- testRunner.exersiceRunner -->
