<?xml version="1.0" encoding="UTF-8"?>
<!-- Generated by org.testng.reporters.JUnitReportReporter -->
<testsuite hostname="MacBook-Pro-de-Emiliano.local" failures="0" tests="1" name="testRunner.exersiceRunner" time="26.113" errors="0" timestamp="2022-03-20T00:54:32 CST" skipped="0">
  <testcase classname="testRunner.exersiceRunner" name="runScenario" time="26.113"/>
  <system-out/>
</testsuite> <!-- testRunner.exersiceRunner -->
